<?xml version="1.0" encoding="utf-8"?><testsuites name="pytest tests"><testsuite name="pytest" errors="0" failures="0" skipped="0" tests="22" time="6.045" timestamp="2026-05-09T15:22:53.549739+00:00" hostname="agent-env-1cb6ed56-0bb3-436a-9c94-422880f3ab69"><testcase classname="backend.tests.test_findr_api.TestAuth" name="test_register_user" time="0.471" /><testcase classname="backend.tests.test_findr_api.TestAuth" name="test_admin_login_and_me" time="0.373" /><testcase classname="backend.tests.test_findr_api.TestAuth" name="test_logout_clears_cookie" time="0.516" /><testcase classname="backend.tests.test_findr_api.TestAuth" name="test_login_invalid" time="0.346" /><testcase classname="backend.tests.test_findr_api.TestUpload" name="test_upload_image" time="0.843" /><testcase classname="backend.tests.test_findr_api.TestReports" name="test_create_lost" time="0.071" /><testcase classname="backend.tests.test_findr_api.TestReports" name="test_create_found_triggers_match" time="1.415" /><testcase classname="backend.tests.test_findr_api.TestReports" name="test_matches_endpoint" time="0.058" /><testcase classname="backend.tests.test_findr_api.TestReports" name="test_notifications_created" time="0.051" /><testcase classname="backend.tests.test_findr_api.TestReports" name="test_filters" time="0.054" /><testcase classname="backend.tests.test_findr_api.TestReports" name="test_keyword_filter" time="0.052" /><testcase classname="backend.tests.test_findr_api.TestReports" name="test_distance_filter" time="0.057" /><testcase classname="backend.tests.test_findr_api.TestReports" name="test_my_reports" time="0.053" /><testcase classname="backend.tests.test_findr_api.TestReports" name="test_update_owner_only" time="0.097" /><testcase classname="backend.tests.test_findr_api.TestReports" name="test_get_report" time="0.103" /><testcase classname="backend.tests.test_findr_api.TestReports" name="test_notifications_read" time="0.164" /><testcase classname="backend.tests.test_findr_api.TestNgo" name="test_non_ngo_forbidden" time="0.363" /><testcase classname="backend.tests.test_findr_api.TestNgo" name="test_claim_case" time="0.448" /><testcase classname="backend.tests.test_findr_api.TestNgo" name="test_update_status" time="0.051" /><testcase classname="backend.tests.test_findr_api.TestStats" name="test_stats" time="0.111" /><testcase classname="backend.tests.test_findr_api.TestCleanupZ" name="test_delete_owner_only" time="0.213" /><testcase classname="backend.tests.test_findr_api.TestCleanupZ" name="test_delete_found" time="0.047" /></testsuite></testsuites>